Arguments: 
  C:\Program Files\nodejs\node.exe C:\Program Files (x86)\Yarn\bin\yarn.js add axios

PATH: 
  C:\Program Files (x86)\Common Files\Oracle\Java\javapath;C:\Program Files (x86)\Intel\iCLS Client\;C:\Program Files\Intel\iCLS Client\;C:\Windows\system32;C:\Windows;C:\Windows\System32\Wbem;C:\Windows\System32\WindowsPowerShell\v1.0\;C:\Program Files (x86)\Intel\Intel(R) Management Engine Components\DAL;C:\Program Files\Intel\Intel(R) Management Engine Components\DAL;C:\Program Files (x86)\Intel\Intel(R) Management Engine Components\IPT;C:\Program Files\Intel\Intel(R) Management Engine Components\IPT;C:\Program Files (x86)\NVIDIA Corporation\PhysX\Common;C:\WINDOWS\system32;C:\WINDOWS;C:\WINDOWS\System32\Wbem;C:\WINDOWS\System32\WindowsPowerShell\v1.0\;D:\soft\nvm;C:\Program Files\nodejs;C:\WINDOWS\System32\OpenSSH\;D:\soft\java\bin;D:\soft\javajre\bin;D:\soft\Microsoft VS Code\bin;C:\Program Files (x86)\Yarn\bin\;D:\MongoDB\Server\4.0\bin;D:\mySql\bin;D:\soft\GnuWin32\bin;D:\soft\redis\;C:\Program Files\Intel\WiFi\bin\;C:\Program Files\Common Files\Intel\WirelessCommon\;D:\soft\nodejs\;C:\ProgramData\chocolatey\bin;C:\Program Files\Git;D:\soft\Ruby27-x64\bin;C:\Users\赵安东\AppData\Local\Programs\Python\Python37\Scripts\;C:\Users\赵安东\AppData\Local\Programs\Python\Python37\;C:\Users\赵安东\AppData\Local\Microsoft\WindowsApps;C:\Users\赵安东\AppData\Local\atom\bin;C:\Users\赵安东\AppData\Local\Microsoft\WindowsApps;D:\soft\Microsoft VS Code2\bin;C:\Users\赵安东\AppData\Local\Yarn\bin;C:\Users\赵安东\AppData\Roaming\npm

Yarn version: 
  1.12.1

Node version: 
  10.14.2

Platform: 
  win32 x64

Trace: 
  Error: EEXIST: file already exists, mkdir 'D:\react-ts\dva-quickstart\node_modules\uglify-js\node_modules'

npm manifest: 
  {
    "private": true,
    "scripts": {
      "start": "roadhog server",
      "build": "roadhog build",
      "lint": "eslint --ext .js src test",
      "precommit": "npm run lint"
    },
    "dependencies": {
      "antd": "^3.19.8",
      "babel-plugin-import": "^1.11.0",
      "dva": "^2.4.1",
      "react": "^16.2.0",
      "react-dom": "^16.2.0"
    },
    "devDependencies": {
      "babel-plugin-dva-hmr": "^0.3.2",
      "eslint": "^4.14.0",
      "eslint-config-umi": "^0.1.1",
      "eslint-plugin-flowtype": "^2.34.1",
      "eslint-plugin-import": "^2.6.0",
      "eslint-plugin-jsx-a11y": "^5.1.1",
      "eslint-plugin-react": "^7.1.0",
      "husky": "^0.12.0",
      "redbox-react": "^1.4.3",
      "roadhog": "^2.5.0-beta.4"
    }
  }

yarn manifest: 
  No manifest

Lockfile: 
  No lockfile
